<?xml version="1.0" encoding="UTF-8"?>
<testng-results ignored="0" total="0" passed="0" failed="0" skipped="0">
  <reporter-output>
  </reporter-output>
  <suite started-at="2025-09-23T21:05:57 IST" name="API Test Suite" finished-at="2025-09-23T21:05:57 IST" duration-ms="11">
    <groups>
    </groups>
    <test started-at="2025-09-23T21:05:57 IST" name="RestAssured Tests" finished-at="2025-09-23T21:05:57 IST" duration-ms="11">
    </test> <!-- RestAssured Tests -->
  </suite> <!-- API Test Suite -->
</testng-results>
